TN:
SF:index.js
FN:17,(anonymous_0)
FN:21,(anonymous_1)
FNF:2
FNH:0
FNDA:0,(anonymous_0)
FNDA:0,(anonymous_1)
DA:1,0
DA:2,0
DA:3,0
DA:4,0
DA:6,0
DA:7,0
DA:8,0
DA:10,0
DA:11,0
DA:14,0
DA:17,0
DA:18,0
DA:21,0
DA:22,0
LF:14
LH:0
BRF:0
BRH:0
end_of_record
TN:
SF:static/rpn.js
FN:30,UpdateDisplay
FN:68,(anonymous_1)
FN:74,addDigit
FN:97,addOperator
FN:122,clearDisplay
FN:167,addBracket
FN:193,infixToRpn
FN:197,(anonymous_7)
FN:236,evaluateEquation
FN:316,(anonymous_9)
FN:321,(anonymous_10)
FNF:11
FNH:0
FNDA:0,UpdateDisplay
FNDA:0,(anonymous_1)
FNDA:0,addDigit
FNDA:0,addOperator
FNDA:0,clearDisplay
FNDA:0,addBracket
FNDA:0,infixToRpn
FNDA:0,(anonymous_7)
FNDA:0,evaluateEquation
FNDA:0,(anonymous_9)
FNDA:0,(anonymous_10)
DA:1,0
DA:2,0
DA:3,0
DA:6,0
DA:8,0
DA:10,0
DA:11,0
DA:12,0
DA:13,0
DA:14,0
DA:15,0
DA:16,0
DA:17,0
DA:20,0
DA:32,0
DA:33,0
DA:35,0
DA:36,0
DA:39,0
DA:41,0
DA:44,0
DA:46,0
DA:48,0
DA:49,0
DA:50,0
DA:51,0
DA:52,0
DA:56,0
DA:57,0
DA:61,0
DA:63,0
DA:64,0
DA:67,0
DA:68,0
DA:69,0
DA:76,0
DA:77,0
DA:79,0
DA:80,0
DA:81,0
DA:83,0
DA:85,0
DA:87,0
DA:89,0
DA:90,0
DA:91,0
DA:93,0
DA:94,0
DA:95,0
DA:99,0
DA:101,0
DA:102,0
DA:103,0
DA:107,0
DA:109,0
DA:111,0
DA:112,0
DA:113,0
DA:115,0
DA:119,0
DA:120,0
DA:124,0
DA:126,0
DA:127,0
DA:128,0
DA:129,0
DA:131,0
DA:133,0
DA:134,0
DA:135,0
DA:137,0
DA:138,0
DA:139,0
DA:140,0
DA:142,0
DA:143,0
DA:144,0
DA:145,0
DA:147,0
DA:149,0
DA:150,0
DA:151,0
DA:152,0
DA:154,0
DA:156,0
DA:157,0
DA:158,0
DA:160,0
DA:161,0
DA:162,0
DA:163,0
DA:164,0
DA:169,0
DA:171,0
DA:172,0
DA:174,0
DA:176,0
DA:177,0
DA:178,0
DA:179,0
DA:183,0
DA:185,0
DA:186,0
DA:189,0
DA:195,0
DA:196,0
DA:197,0
DA:199,0
DA:201,0
DA:203,0
DA:205,0
DA:207,0
DA:209,0
DA:217,0
DA:219,0
DA:221,0
DA:224,0
DA:226,0
DA:228,0
DA:231,0
DA:232,0
DA:233,0
DA:238,0
DA:240,0
DA:241,0
DA:243,0
DA:245,0
DA:246,0
DA:249,0
DA:251,0
DA:252,0
DA:254,0
DA:255,0
DA:258,0
DA:260,0
DA:261,0
DA:263,0
DA:267,0
DA:270,0
DA:271,0
DA:272,0
DA:273,0
DA:276,0
DA:277,0
DA:278,0
DA:279,0
DA:282,0
DA:283,0
DA:284,0
DA:285,0
DA:288,0
DA:289,0
DA:290,0
DA:291,0
DA:294,0
DA:295,0
DA:296,0
DA:297,0
DA:300,0
DA:301,0
DA:302,0
DA:305,0
DA:306,0
DA:307,0
DA:308,0
DA:312,0
DA:313,0
DA:316,0
DA:318,0
DA:320,0
DA:321,0
DA:323,0
DA:324,0
DA:326,0
DA:327,0
DA:329,0
DA:330,0
DA:331,0
DA:332,0
DA:333,0
DA:334,0
DA:336,0
LF:182
LH:0
BRDA:39,0,0,0
BRDA:39,0,1,0
BRDA:44,1,0,0
BRDA:44,1,1,0
BRDA:46,2,0,0
BRDA:46,2,1,0
BRDA:61,3,0,0
BRDA:61,3,1,0
BRDA:76,4,0,0
BRDA:76,4,1,0
BRDA:76,5,0,0
BRDA:76,5,1,0
BRDA:77,6,0,0
BRDA:77,6,1,0
BRDA:77,7,0,0
BRDA:77,7,1,0
BRDA:83,8,0,0
BRDA:83,8,1,0
BRDA:85,9,0,0
BRDA:85,9,1,0
BRDA:89,10,0,0
BRDA:89,10,1,0
BRDA:89,11,0,0
BRDA:89,11,1,0
BRDA:99,12,0,0
BRDA:99,12,1,0
BRDA:107,13,0,0
BRDA:107,13,1,0
BRDA:109,14,0,0
BRDA:109,14,1,0
BRDA:111,15,0,0
BRDA:111,15,1,0
BRDA:111,16,0,0
BRDA:111,16,1,0
BRDA:124,17,0,0
BRDA:124,17,1,0
BRDA:131,18,0,0
BRDA:131,18,1,0
BRDA:137,19,0,0
BRDA:137,19,1,0
BRDA:140,20,0,0
BRDA:140,20,1,0
BRDA:147,21,0,0
BRDA:147,21,1,0
BRDA:154,22,0,0
BRDA:154,22,1,0
BRDA:169,23,0,0
BRDA:169,23,1,0
BRDA:174,24,0,0
BRDA:174,24,1,0
BRDA:177,25,0,0
BRDA:177,25,1,0
BRDA:177,26,0,0
BRDA:177,26,1,0
BRDA:183,27,0,0
BRDA:183,27,1,0
BRDA:183,28,0,0
BRDA:183,28,1,0
BRDA:199,29,0,0
BRDA:199,29,1,0
BRDA:203,30,0,0
BRDA:203,30,1,0
BRDA:207,31,0,0
BRDA:207,31,1,0
BRDA:211,32,0,0
BRDA:211,32,1,0
BRDA:211,32,2,0
BRDA:211,32,3,0
BRDA:211,32,4,0
BRDA:211,32,5,0
BRDA:221,33,0,0
BRDA:221,33,1,0
BRDA:238,34,0,0
BRDA:238,34,1,0
BRDA:243,35,0,0
BRDA:243,35,1,0
BRDA:243,36,0,0
BRDA:243,36,1,0
BRDA:261,37,0,0
BRDA:261,37,1,0
BRDA:267,38,0,0
BRDA:267,38,1,0
BRDA:267,38,2,0
BRDA:267,38,3,0
BRDA:267,38,4,0
BRDA:267,38,5,0
BRDA:267,38,6,0
BRDA:324,39,0,0
BRDA:324,39,1,0
BRDA:329,40,0,0
BRDA:329,40,1,0
BRDA:330,41,0,0
BRDA:330,41,1,0
BRDA:331,42,0,0
BRDA:331,42,1,0
BRDA:332,43,0,0
BRDA:332,43,1,0
BRDA:333,44,0,0
BRDA:333,44,1,0
BRDA:334,45,0,0
BRDA:334,45,1,0
BRF:101
BRH:0
end_of_record
